<?xml version="1.0" encoding="utf-8"?><testsuites name="pytest tests"><testsuite name="pytest" errors="0" failures="0" skipped="0" tests="19" time="1.216" timestamp="2026-04-01T13:53:28.317973+00:00" hostname="codespaces-a1e470"><testcase classname="tests.test_attestation.TestAttestationVerifier" name="test_ed25519_quote_fails_without_valid_signature" time="0.037" /><testcase classname="tests.test_attestation.TestAttestationVerifier" name="test_metric_flag_mode" time="0.001" /><testcase classname="tests.test_checks.TestChecks" name="test_accept_valid_update" time="0.001" /><testcase classname="tests.test_checks.TestChecks" name="test_reject_gradient_anomaly" time="0.001" /><testcase classname="tests.test_checks.TestChecks" name="test_reject_replayed_nonce" time="0.001" /><testcase classname="tests.test_crypto.TestCryptoHelpers" name="test_message_format" time="0.001" /><testcase classname="tests.test_crypto.TestCryptoHelpers" name="test_verifier_unavailable_or_invalid_input_fails_closed" time="0.001" /><testcase classname="tests.test_governance_contract.TestGovernanceContract" name="test_governance_accepts_when_required_gates_pass" time="0.001" /><testcase classname="tests.test_governance_contract.TestGovernanceContract" name="test_slashing_and_quarantine" time="0.001" /><testcase classname="tests.test_nonce_store.TestNonceStore" name="test_inmemory_store" time="0.001" /><testcase classname="tests.test_nonce_store.TestNonceStore" name="test_sqlite_store" time="0.006" /><testcase classname="tests.test_pentest_simulation.TestPentestSimulation" name="test_attack_exceed_dp_budget" time="0.001" /><testcase classname="tests.test_pentest_simulation.TestPentestSimulation" name="test_attack_forged_signature_flag" time="0.001" /><testcase classname="tests.test_pentest_simulation.TestPentestSimulation" name="test_attack_oversized_payload" time="0.001" /><testcase classname="tests.test_pentest_simulation.TestPentestSimulation" name="test_attack_replay_nonce" time="0.001" /><testcase classname="tests.test_poisoning.TestPoisoningDetectors" name="test_detect_outlier_vector" time="0.001" /><testcase classname="tests.test_policy.TestPolicyLoading" name="test_load_policy_json" time="0.002" /><testcase classname="tests.test_policy.TestPolicyLoading" name="test_load_policy_with_env_key_injection" time="0.002" /><testcase classname="tests.test_siem.TestSiemForwarding" name="test_webhook_ingestion" time="0.537" /></testsuite></testsuites>